<?xml version='1.0' encoding='UTF-8'?>
<testsuites tests="1" time="7" name="get" failures="1" errors="0">
  <testsuite tests="1" time="7" name="get" failures="1" skipped="0" errors="0">
    <testcase name="get op" time="2" status="FAIL">
      <failure>Expecting `(root)` to be false but was true</failure>
    </testcase>
  </testsuite>
</testsuites>